[0727/141120.369:ERROR:process_reader_win.cc(151)] SuspendThread: Отказано в доступе. (0x5)
[0727/141120.372:ERROR:exception_snapshot_win.cc(98)] thread ID 12152 not found in process
[0727/172318.078:ERROR:process_reader_win.cc(151)] SuspendThread: Отказано в доступе. (0x5)
[0727/172318.096:ERROR:exception_snapshot_win.cc(98)] thread ID 6996 not found in process
[0807/090632.263:ERROR:process_reader_win.cc(151)] SuspendThread: Отказано в доступе. (0x5)
[0807/090632.279:ERROR:process_reader_win.cc(151)] SuspendThread: Отказано в доступе. (0x5)
[0807/090632.279:ERROR:process_reader_win.cc(151)] SuspendThread: Отказано в доступе. (0x5)
[0807/090632.279:ERROR:exception_snapshot_win.cc(98)] thread ID 26872 not found in process
[0807/121543.790:ERROR:process_reader_win.cc(151)] SuspendThread: Отказано в доступе. (0x5)
[0807/121543.794:ERROR:exception_snapshot_win.cc(98)] thread ID 119452 not found in process
[0807/132301.696:ERROR:process_info.cc(329)] VirtualQueryEx: Отказано в доступе. (0x5)
[0807/132301.699:ERROR:process_info.cc(556)] ReadMemoryInfo failed
[0807/132301.699:ERROR:process_memory_win.cc(39)] Failed to initialize ProcessInfo.
[0807/132301.699:ERROR:scoped_process_suspend.cc(40)] NtResumeProcess: Попытка доступа к процессу, выполняющему процедуру завершения. (0xc000010a)
[0807/133056.762:ERROR:process_info.cc(329)] VirtualQueryEx: Отказано в доступе. (0x5)
[0807/133056.764:ERROR:process_info.cc(556)] ReadMemoryInfo failed
[0807/133056.764:ERROR:process_memory_win.cc(39)] Failed to initialize ProcessInfo.
[0807/133056.764:ERROR:scoped_process_suspend.cc(40)] NtResumeProcess: Попытка доступа к процессу, выполняющему процедуру завершения. (0xc000010a)
[0807/135609.176:ERROR:process_info.cc(329)] VirtualQueryEx: Отказано в доступе. (0x5)
[0807/135609.179:ERROR:process_info.cc(556)] ReadMemoryInfo failed
[0807/135609.179:ERROR:process_memory_win.cc(39)] Failed to initialize ProcessInfo.
[0807/135609.179:ERROR:scoped_process_suspend.cc(40)] NtResumeProcess: Попытка доступа к процессу, выполняющему процедуру завершения. (0xc000010a)
[0807/141838.434:ERROR:process_info.cc(329)] VirtualQueryEx: Отказано в доступе. (0x5)
[0807/141838.437:ERROR:process_info.cc(556)] ReadMemoryInfo failed
[0807/141838.437:ERROR:scoped_process_suspend.cc(40)] NtResumeProcess: Попытка доступа к процессу, выполняющему процедуру завершения. (0xc000010a)
[0807/165218.400:ERROR:process_info.cc(329)] VirtualQueryEx: Отказано в доступе. (0x5)
[0807/165218.403:ERROR:process_info.cc(556)] ReadMemoryInfo failed
[0807/165218.403:ERROR:process_memory_win.cc(39)] Failed to initialize ProcessInfo.
[0807/165218.403:ERROR:scoped_process_suspend.cc(40)] NtResumeProcess: Попытка доступа к процессу, выполняющему процедуру завершения. (0xc000010a)
[0807/171230.348:ERROR:process_reader_win.cc(151)] SuspendThread: Отказано в доступе. (0x5)
[0807/171230.352:ERROR:exception_snapshot_win.cc(98)] thread ID 154520 not found in process
[0810/102345.738:ERROR:process_reader_win.cc(108)] process 152436 not found
[0810/102345.757:ERROR:exception_snapshot_win.cc(98)] thread ID 120768 not found in process
[0810/102345.758:ERROR:scoped_process_suspend.cc(40)] NtResumeProcess: Попытка доступа к процессу, выполняющему процедуру завершения. (0xc000010a)
[0824/104740.624:ERROR:process_reader_win.cc(151)] SuspendThread: Отказано в доступе. (0x5)
[0824/104740.683:ERROR:exception_snapshot_win.cc(98)] thread ID 167216 not found in process
[0824/105123.111:ERROR:process_reader_win.cc(151)] SuspendThread: Отказано в доступе. (0x5)
[0824/105123.114:ERROR:exception_snapshot_win.cc(98)] thread ID 91912 not found in process
[1019/100652.956:ERROR:directory_reader_win.cc(43)] FindFirstFile: Системе не удается найти указанный путь. (0x3)
[1019/102847.866:ERROR:directory_reader_win.cc(43)] FindFirstFile: Системе не удается найти указанный путь. (0x3)
[1019/104911.979:ERROR:directory_reader_win.cc(43)] FindFirstFile: Системе не удается найти указанный путь. (0x3)
[1019/110524.103:ERROR:directory_reader_win.cc(43)] FindFirstFile: Системе не удается найти указанный путь. (0x3)
[1019/112438.992:ERROR:directory_reader_win.cc(43)] FindFirstFile: Системе не удается найти указанный путь. (0x3)
[1019/114207.344:ERROR:directory_reader_win.cc(43)] FindFirstFile: Системе не удается найти указанный путь. (0x3)
[1019/120051.426:ERROR:directory_reader_win.cc(43)] FindFirstFile: Системе не удается найти указанный путь. (0x3)
[1019/131325.146:ERROR:directory_reader_win.cc(43)] FindFirstFile: Системе не удается найти указанный путь. (0x3)
[1019/135848.621:ERROR:directory_reader_win.cc(43)] FindFirstFile: Системе не удается найти указанный путь. (0x3)
[1019/141632.917:ERROR:directory_reader_win.cc(43)] FindFirstFile: Системе не удается найти указанный путь. (0x3)
[1022/110800.993:ERROR:directory_reader_win.cc(43)] FindFirstFile: Системе не удается найти указанный путь. (0x3)
[1022/111409.240:ERROR:directory_reader_win.cc(43)] FindFirstFile: Системе не удается найти указанный путь. (0x3)
[1022/113619.715:ERROR:file_io.cc(90)] ReadExactly: expected 36, observed 0
[1022/121313.911:ERROR:directory_reader_win.cc(43)] FindFirstFile: Системе не удается найти указанный путь. (0x3)
[1022/122633.003:ERROR:directory_reader_win.cc(43)] FindFirstFile: Системе не удается найти указанный путь. (0x3)
[1022/124416.160:ERROR:directory_reader_win.cc(43)] FindFirstFile: Системе не удается найти указанный путь. (0x3)
[1022/125507.882:ERROR:directory_reader_win.cc(43)] FindFirstFile: Системе не удается найти указанный путь. (0x3)
[1111/152845.362:ERROR:directory_reader_win.cc(43)] FindFirstFile: Системе не удается найти указанный путь. (0x3)
[1111/154528.580:ERROR:directory_reader_win.cc(43)] FindFirstFile: Системе не удается найти указанный путь. (0x3)
